Job launching command:
$SCHRODINGER\utilities\\multisim .exe -JOBNAME desmond_setup_1 -m desmond_setup_1.msj desmond_setup_1.mae -o desmond_setup_1-out.cms -HOST localhost -PROJ "E:\---WorkFiles\Computational Chemistry\Drug Discovery\Training\docking\3WCR_11.05.21\mdsimulations.prj" -DISP append -VIEWNAME system_builder_gui.SystemBuilderPanel -TMPLAUNCHDIR

Booting the multisim workflow engine...
           multisim version: 3.8.5.19
            mmshare version: C:\Program Files\Schrodinger2020-3\mmshare-v5.1\bin\Windows-x64
                    Jobname: desmond_setup_1
                   Username: phpch
            Master job host: undetected
                Subjob host: localhost
                     Job ID: DESKTOP-OP2VGIA-0-60ac1d68
            multisim script: desmond_setup_1.msj
       Structure input file: desmond_setup_1.mae
            CPUs per subjob: (unspecified in command)
             Job start time: Tue May 25 03:40:59 2021
           Launch directory: E:\---WorkFiles\Computational Chemistry\Drug Discovery\Training\docking\3WCR_11.05.21\desmond_setup_1
               $SCHRODINGER: C:\Program Files\Schrodinger2020-3

Parsing the multisim script file...

Summary of user stages:
  stage 1 - task
  stage 2 - build_geometry
  stage 3 - assign_forcefield
(3 stages in total)

Workflow is started now.

Stage 1 - task
stage[1] task: Detecting system type...
stage[1] task:   It seems a raw geometry for regular molecular dynamics simulations
stage[1] task: Recognizing traits of system...
stage[1] task:   (none)

Stage 1 completed successfully.
Stage 1 duration: 0h 0' 0"


Stage 2 - build_geometry
[running at reduced cpu priority]

Launched Job("DESKTOP-OP2VGIA-0-60ac1d6f"):
  Launch time: 2021-05-25-03:41:03
  Host       : localhost
  Jobname    : desmond_setup_1_2
  Stage      : 2 (build_geometry)

Job("DESKTOP-OP2VGIA-0-60ac1d6f") was successfully finished.
  Host       : localhost
  Launch time: Tue May 25 03:41:03 2021
  Start time : Tue May 25 03:41:04 2021
  End time   : Tue May 25 03:41:33 2021
  Duration   : 0h 0' 29"
  CPUs       : 1
  CPU time   : 0h 0' 29"
  Exit code  : 0
  Jobname    : desmond_setup_1_2
  Stage      : 2 (build_geometry)

Stage 2 completed successfully.
Stage 2 duration: 0h 0' 37"


Stage 3 - assign_forcefield
Running force_field_builder version 51139

OPLS Version: OPLS3e
FEP mode: 2
FEP retain angle: 2
Skip creating the fepio_fep block
Reading input structures.
Creating New ffio_ff block...
Creating molsym
Creating New ffio_ff block...
Creating molsym
Creating New ffio_ff block...
Creating molsym
Creating New ffio_ff block...
Creating molsym
Creating New ffio_ff block...
Creating molsym

force_field_builder: job successfully run

viparr 1.5.1
All FF directories, in order:
 C:\Program Files\Schrodinger2020-3\internal\lib\site-packages\schrodinger\application\desmond\packages\viparr1\viparr-ff\ff\tip3p
Plug-in directory: C:\Program Files\Schrodinger2020-3\internal\lib\site-packages\schrodinger\application\desmond\packages\viparr1\plugins
Reading maestro file <desmond_setup_1_3-out.cms_> ...
Done reading maestro file
Analyzing ct block 6
Warning: Missing backward edges...adding them now
******Constructing residue list for <C:\Program Files\Schrodinger2020-3\internal\lib\site-packages\schrodinger\application\desmond\packages\viparr1\viparr-ff\ff\tip3p> Structure 6
Note: Struct 6, Res <" ",1> (T3P) matched (TIP3)
Note: Struct 6, Res <" ",2> (T3P) matched (TIP3)
Note: Struct 6, Res <" ",3> (T3P) matched (TIP3)
Note: Struct 6, Res <" ",4> (T3P) matched (TIP3)
Note: Struct 6, Res <" ",5> (T3P) matched (TIP3)
Ignoring further messages for (T3P) matching (TIP3)
******Main loop: Structure 6
Pre-processing force field <C:\Program Files\Schrodinger2020-3\internal\lib\site-packages\schrodinger\application\desmond\packages\viparr1\viparr-ff\ff\tip3p> for rules and pseudos
Processing force field <C:\Program Files\Schrodinger2020-3\internal\lib\site-packages\schrodinger\application\desmond\packages\viparr1\viparr-ff\ff\tip3p>
Compressing FF representation...
Building mae data structure...
Number of pseudo particles: 0
Writing maestro file <desmond_setup_1_3-out.cms_vp>
4 ARITHMETIC/GEOMETRIC

Stage 3 completed successfully.
Stage 3 duration: 0h 0' 50"

Cleaning up files...

Multisim summary (Tue May 25 03:42:27 2021):
  Stage 1 completed.
  Stage 2 completed.
  Stage 3 completed.
  Total duration: 0h 1' 28"
Multisim completed.
