--------------------------------------------------------------------------------
    Build Missing Protein Loops
--------------------------------------------------------------------------------
JobId          : DESKTOP-OP2VGIA-0-60ac19e7
Name           : 3wcr-missing-loops
Program        : Build Missing Protein Loops
Host           : DESKTOP-OP2VGIA
Dir            : E:\---WorkFiles\Computational Chemistry\Drug Discovery\Training\docking\3WCR_11.05.21\prepwizard_workdir
HostEntry      : localhost
JobHost        : DESKTOP-OP2VGIA
JobDir         : C:\Users\phpch\AppData\Local\Schrodinger\tmp\3wcr-missing-loops
JobSchrodinger : C:\Program Files\Schrodinger2020-3
Commandline    : C:\Program Files\Schrodinger2020-3\run.exe -FROM psp build_missing_loops.py 3wcr-missing-loops-in.maegz -JOBNAME 3wcr-missing-loops -fasta_file 3wcr.fasta -DISP ignore -HOST localhost -VIEWNAME GQNV1WLKRTP9NKA5Y7RSKHL7C6NGEF3M -PROJ "E:\---WorkFiles\Computational Chemistry\Drug Discovery\Training\docking\3WCR_11.05.21\mdsimulations.prj"
StartTime      : 2021-05-25-03:26:00
--------------------------------------------------------------------------------
--------------------------------------------------------------------------------

[running at reduced cpu priority]
Attempting to build missing loops with Knowledge-Based Methods
    A:150 -- A:157   NVHWDP
    B:150 -- B:157   NVHWDP
    B:256 -- B:265   DGTTSEAL
Generating models for each loop... 
Total number of loops: 3
Working on loop 0 - A:150,A:157,NVHWDP
Number of returned models for loop 0 : 2
Working on loop 1 - B:150,B:157,NVHWDP
Number of returned models for loop 1 : 2
Working on loop 2 - B:256,B:265,DGTTSEAL
Number of returned models for loop 2 : 2
Combining models from all loops... 
Combination index: [0, 0, 0]
Side chain optimizing...
Minimizing...
Accept model # 0
All Entries Succesfully Processed
Total Time Elapsed (hours:minutes:seconds)    0:00:51
